✅ Environment healthy at http://localhost:8000

============================================================
  Task: EASY
============================================================

  [Step 1] Bug: BUG-0003 — Kubernetes pod OOM-kills every ~6 hours — API server downtim
  Action (random): priority=low, team=backend
Traceback (most recent call last):
  File "/Users/rashestripathy/Documents/metahackathon round 1/baseline.py", line 358, in <module>
    main()
    ~~~~^^
  File "/Users/rashestripathy/Documents/metahackathon round 1/baseline.py", line 330, in main
    score = run_task(
        env=env,
    ...<4 lines>...
        seed=args.seed,
    )
  File "/Users/rashestripathy/Documents/metahackathon round 1/baseline.py", line 247, in run_task
    step_result = env.step(action)
  File "/Users/rashestripathy/Documents/metahackathon round 1/baseline.py", line 132, in step
    r.raise_for_status()
    ~~~~~~~~~~~~~~~~~~^^
  File "/Users/rashestripathy/Documents/metahackathon round 1/.venv/lib/python3.14/site-packages/requests/models.py", line 1028, in raise_for_status
    raise HTTPError(http_error_msg, response=self)
requests.exceptions.HTTPError: 422 Client Error: Unprocessable Content for url: http://localhost:8000/step
